Iniciando testes
Lendo arquivo: input/entrada.txt
Total de elementos disponíveis: 100000
Execução 1 de 1000...
Execução 2 de 1000...
Execução 3 de 1000...
Execução 4 de 1000...
Execução 5 de 1000...
Execução 6 de 1000...
Execução 7 de 1000...
Execução 8 de 1000...
Execução 9 de 1000...
Execução 10 de 1000...
Execução 11 de 1000...
Execução 12 de 1000...
Execução 13 de 1000...
Execução 14 de 1000...
Execução 15 de 1000...
Execução 16 de 1000...
Execução 17 de 1000...
Execução 18 de 1000...
Execução 19 de 1000...
Execução 20 de 1000...
Execução 21 de 1000...
Execução 22 de 1000...
Execução 23 de 1000...
Execução 24 de 1000...
Execução 25 de 1000...
Execução 26 de 1000...
Execução 27 de 1000...
Execução 28 de 1000...
Execução 29 de 1000...
Execução 30 de 1000...
Execução 31 de 1000...
Execução 32 de 1000...
Execução 33 de 1000...
Execução 34 de 1000...
Execução 35 de 1000...
Execução 36 de 1000...
Execução 37 de 1000...
Execução 38 de 1000...
Execução 39 de 1000...
Execução 40 de 1000...
Execução 41 de 1000...
Execução 42 de 1000...
Execução 43 de 1000...
Execução 44 de 1000...
Execução 45 de 1000...
Execução 46 de 1000...
Execução 47 de 1000...
Execução 48 de 1000...
Execução 49 de 1000...
Execução 50 de 1000...
Execução 51 de 1000...
Execução 52 de 1000...
Execução 53 de 1000...
Execução 54 de 1000...
Execução 55 de 1000...
Execução 56 de 1000...
Execução 57 de 1000...
Execução 58 de 1000...
Execução 59 de 1000...
Execução 60 de 1000...
Execução 61 de 1000...
Execução 62 de 1000...
Execução 63 de 1000...
Execução 64 de 1000...
Execução 65 de 1000...
Execução 66 de 1000...
Execução 67 de 1000...
Execução 68 de 1000...
Execução 69 de 1000...
Execução 70 de 1000...
Execução 71 de 1000...
Execução 72 de 1000...
Execução 73 de 1000...
Execução 74 de 1000...
Execução 75 de 1000...
Execução 76 de 1000...
Execução 77 de 1000...
Execução 78 de 1000...
Execução 79 de 1000...
Execução 80 de 1000...
Execução 81 de 1000...
Execução 82 de 1000...
Execução 83 de 1000...
Execução 84 de 1000...
Execução 85 de 1000...
Execução 86 de 1000...
Execução 87 de 1000...
Execução 88 de 1000...
Execução 89 de 1000...
Execução 90 de 1000...
Execução 91 de 1000...
Execução 92 de 1000...
Execução 93 de 1000...
Execução 94 de 1000...
Execução 95 de 1000...
Execução 96 de 1000...
Execução 97 de 1000...
Execução 98 de 1000...
Execução 99 de 1000...
Execução 100 de 1000...
Execução 101 de 1000...
Execução 102 de 1000...
Execução 103 de 1000...
Execução 104 de 1000...
Execução 105 de 1000...
Execução 106 de 1000...
Execução 107 de 1000...
Execução 108 de 1000...
Execução 109 de 1000...
Execução 110 de 1000...
Execução 111 de 1000...
Execução 112 de 1000...
Execução 113 de 1000...
Execução 114 de 1000...
Execução 115 de 1000...
Execução 116 de 1000...
Execução 117 de 1000...
Execução 118 de 1000...
Execução 119 de 1000...
Execução 120 de 1000...
Execução 121 de 1000...
Execução 122 de 1000...
Execução 123 de 1000...
Execução 124 de 1000...
Execução 125 de 1000...
Execução 126 de 1000...
Execução 127 de 1000...
Execução 128 de 1000...
Execução 129 de 1000...
Execução 130 de 1000...
Execução 131 de 1000...
Execução 132 de 1000...
Execução 133 de 1000...
Execução 134 de 1000...
Execução 135 de 1000...
Execução 136 de 1000...
Execução 137 de 1000...
Execução 138 de 1000...
Execução 139 de 1000...
Execução 140 de 1000...
Execução 141 de 1000...
Execução 142 de 1000...
Execução 143 de 1000...
Execução 144 de 1000...
Execução 145 de 1000...
Execução 146 de 1000...
Execução 147 de 1000...
Execução 148 de 1000...
Execução 149 de 1000...
Execução 150 de 1000...
Execução 151 de 1000...
Execução 152 de 1000...
Execução 153 de 1000...
Execução 154 de 1000...
Execução 155 de 1000...
Execução 156 de 1000...
Execução 157 de 1000...
Execução 158 de 1000...
Execução 159 de 1000...
Execução 160 de 1000...
Execução 161 de 1000...
Execução 162 de 1000...
Execução 163 de 1000...
Execução 164 de 1000...
Execução 165 de 1000...
Execução 166 de 1000...
Execução 167 de 1000...
Execução 168 de 1000...
Execução 169 de 1000...
Execução 170 de 1000...
Execução 171 de 1000...
Execução 172 de 1000...
Execução 173 de 1000...
Execução 174 de 1000...
Execução 175 de 1000...
Execução 176 de 1000...
Execução 177 de 1000...
Execução 178 de 1000...
Execução 179 de 1000...
Execução 180 de 1000...
Execução 181 de 1000...
Execução 182 de 1000...
Execução 183 de 1000...
Execução 184 de 1000...
Execução 185 de 1000...
Execução 186 de 1000...
Execução 187 de 1000...
Execução 188 de 1000...
Execução 189 de 1000...
Execução 190 de 1000...
Execução 191 de 1000...
Execução 192 de 1000...
Execução 193 de 1000...
Execução 194 de 1000...
Execução 195 de 1000...
Execução 196 de 1000...
Execução 197 de 1000...
Execução 198 de 1000...
Execução 199 de 1000...
Execução 200 de 1000...
Execução 201 de 1000...
Execução 202 de 1000...
Execução 203 de 1000...
Execução 204 de 1000...
Execução 205 de 1000...
Execução 206 de 1000...
Execução 207 de 1000...
Execução 208 de 1000...
Execução 209 de 1000...
Execução 210 de 1000...
Execução 211 de 1000...
Execução 212 de 1000...
Execução 213 de 1000...
Execução 214 de 1000...
Execução 215 de 1000...
Execução 216 de 1000...
Execução 217 de 1000...
Execução 218 de 1000...
Execução 219 de 1000...
Execução 220 de 1000...
Execução 221 de 1000...
Execução 222 de 1000...
Execução 223 de 1000...
Execução 224 de 1000...
Execução 225 de 1000...
Execução 226 de 1000...
Execução 227 de 1000...
Execução 228 de 1000...
Execução 229 de 1000...
Execução 230 de 1000...
Execução 231 de 1000...
Execução 232 de 1000...
Execução 233 de 1000...
Execução 234 de 1000...
Execução 235 de 1000...
Execução 236 de 1000...
Execução 237 de 1000...
Execução 238 de 1000...
Execução 239 de 1000...
Execução 240 de 1000...
Execução 241 de 1000...
Execução 242 de 1000...
Execução 243 de 1000...
Execução 244 de 1000...
Execução 245 de 1000...
Execução 246 de 1000...
Execução 247 de 1000...
Execução 248 de 1000...
Execução 249 de 1000...
Execução 250 de 1000...
Execução 251 de 1000...
Execução 252 de 1000...
Execução 253 de 1000...
Execução 254 de 1000...
Execução 255 de 1000...
Execução 256 de 1000...
Execução 257 de 1000...
Execução 258 de 1000...
Execução 259 de 1000...
Execução 260 de 1000...
Execução 261 de 1000...
Execução 262 de 1000...
Execução 263 de 1000...
Execução 264 de 1000...
Execução 265 de 1000...
Execução 266 de 1000...
Execução 267 de 1000...
Execução 268 de 1000...
Execução 269 de 1000...
Execução 270 de 1000...
Execução 271 de 1000...
Execução 272 de 1000...
Execução 273 de 1000...
Execução 274 de 1000...
Execução 275 de 1000...
Execução 276 de 1000...
Execução 277 de 1000...
Execução 278 de 1000...
Execução 279 de 1000...
Execução 280 de 1000...
Execução 281 de 1000...
Execução 282 de 1000...
Execução 283 de 1000...
Execução 284 de 1000...
Execução 285 de 1000...
Execução 286 de 1000...
Execução 287 de 1000...
Execução 288 de 1000...
Execução 289 de 1000...
Execução 290 de 1000...
Execução 291 de 1000...
Execução 292 de 1000...
Execução 293 de 1000...
Execução 294 de 1000...
Execução 295 de 1000...
Execução 296 de 1000...
Execução 297 de 1000...
Execução 298 de 1000...
Execução 299 de 1000...
Execução 300 de 1000...
Execução 301 de 1000...
Execução 302 de 1000...
Execução 303 de 1000...
Execução 304 de 1000...
Execução 305 de 1000...
Execução 306 de 1000...
Execução 307 de 1000...
Execução 308 de 1000...
Execução 309 de 1000...
Execução 310 de 1000...
Execução 311 de 1000...
Execução 312 de 1000...
Execução 313 de 1000...
Execução 314 de 1000...
Execução 315 de 1000...
Execução 316 de 1000...
Execução 317 de 1000...
Execução 318 de 1000...
Execução 319 de 1000...
Execução 320 de 1000...
Execução 321 de 1000...
Execução 322 de 1000...
Execução 323 de 1000...
Execução 324 de 1000...
Execução 325 de 1000...
Execução 326 de 1000...
Execução 327 de 1000...
Execução 328 de 1000...
Execução 329 de 1000...
Execução 330 de 1000...
Execução 331 de 1000...
Execução 332 de 1000...
Execução 333 de 1000...
Execução 334 de 1000...
Execução 335 de 1000...
Execução 336 de 1000...
Execução 337 de 1000...
Execução 338 de 1000...
Execução 339 de 1000...
Execução 340 de 1000...
Execução 341 de 1000...
Execução 342 de 1000...
Execução 343 de 1000...
Execução 344 de 1000...
Execução 345 de 1000...
Execução 346 de 1000...
Execução 347 de 1000...
Execução 348 de 1000...
Execução 349 de 1000...
Execução 350 de 1000...
Execução 351 de 1000...
Execução 352 de 1000...
Execução 353 de 1000...
Execução 354 de 1000...
Execução 355 de 1000...
Execução 356 de 1000...
Execução 357 de 1000...
Execução 358 de 1000...
Execução 359 de 1000...
Execução 360 de 1000...
Execução 361 de 1000...
Execução 362 de 1000...
Execução 363 de 1000...
Execução 364 de 1000...
Execução 365 de 1000...
Execução 366 de 1000...
Execução 367 de 1000...
Execução 368 de 1000...
Execução 369 de 1000...
Execução 370 de 1000...
Execução 371 de 1000...
Execução 372 de 1000...
Execução 373 de 1000...
Execução 374 de 1000...
Execução 375 de 1000...
Execução 376 de 1000...
Execução 377 de 1000...
Execução 378 de 1000...
Execução 379 de 1000...
Execução 380 de 1000...
Execução 381 de 1000...
Execução 382 de 1000...
Execução 383 de 1000...
Execução 384 de 1000...
Execução 385 de 1000...
Execução 386 de 1000...
Execução 387 de 1000...
Execução 388 de 1000...
Execução 389 de 1000...
Execução 390 de 1000...
Execução 391 de 1000...
Execução 392 de 1000...
Execução 393 de 1000...
Execução 394 de 1000...
Execução 395 de 1000...
Execução 396 de 1000...
Execução 397 de 1000...
Execução 398 de 1000...
Execução 399 de 1000...
Execução 400 de 1000...
Execução 401 de 1000...
Execução 402 de 1000...
Execução 403 de 1000...
Execução 404 de 1000...
Execução 405 de 1000...
Execução 406 de 1000...
Execução 407 de 1000...
Execução 408 de 1000...
Execução 409 de 1000...
Execução 410 de 1000...
Execução 411 de 1000...
Execução 412 de 1000...
Execução 413 de 1000...
Execução 414 de 1000...
Execução 415 de 1000...
Execução 416 de 1000...
Execução 417 de 1000...
Execução 418 de 1000...
Execução 419 de 1000...
Execução 420 de 1000...
Execução 421 de 1000...
Execução 422 de 1000...
Execução 423 de 1000...
Execução 424 de 1000...
Execução 425 de 1000...
Execução 426 de 1000...
Execução 427 de 1000...
Execução 428 de 1000...
Execução 429 de 1000...
Execução 430 de 1000...
Execução 431 de 1000...
Execução 432 de 1000...
Execução 433 de 1000...
Execução 434 de 1000...
Execução 435 de 1000...
Execução 436 de 1000...
Execução 437 de 1000...
Execução 438 de 1000...
Execução 439 de 1000...
Execução 440 de 1000...
Execução 441 de 1000...
Execução 442 de 1000...
Execução 443 de 1000...
Execução 444 de 1000...
Execução 445 de 1000...
Execução 446 de 1000...
Execução 447 de 1000...
Execução 448 de 1000...
Execução 449 de 1000...
Execução 450 de 1000...
Execução 451 de 1000...
Execução 452 de 1000...
Execução 453 de 1000...
Execução 454 de 1000...
Execução 455 de 1000...
Execução 456 de 1000...
Execução 457 de 1000...
Execução 458 de 1000...
Execução 459 de 1000...
Execução 460 de 1000...
Execução 461 de 1000...
Execução 462 de 1000...
Execução 463 de 1000...
Execução 464 de 1000...
Execução 465 de 1000...
Execução 466 de 1000...
Execução 467 de 1000...
Execução 468 de 1000...
Execução 469 de 1000...
Execução 470 de 1000...
Execução 471 de 1000...
Execução 472 de 1000...
Execução 473 de 1000...
Execução 474 de 1000...
Execução 475 de 1000...
Execução 476 de 1000...
Execução 477 de 1000...
Execução 478 de 1000...
Execução 479 de 1000...
Execução 480 de 1000...
Execução 481 de 1000...
Execução 482 de 1000...
Execução 483 de 1000...
Execução 484 de 1000...
Execução 485 de 1000...
Execução 486 de 1000...
Execução 487 de 1000...
Execução 488 de 1000...
Execução 489 de 1000...
Execução 490 de 1000...
Execução 491 de 1000...
Execução 492 de 1000...
Execução 493 de 1000...
Execução 494 de 1000...
Execução 495 de 1000...
Execução 496 de 1000...
Execução 497 de 1000...
Execução 498 de 1000...
Execução 499 de 1000...
Execução 500 de 1000...
Execução 501 de 1000...
Execução 502 de 1000...
Execução 503 de 1000...
Execução 504 de 1000...
Execução 505 de 1000...
Execução 506 de 1000...
Execução 507 de 1000...
Execução 508 de 1000...
Execução 509 de 1000...
Execução 510 de 1000...
Execução 511 de 1000...
Execução 512 de 1000...
Execução 513 de 1000...
Execução 514 de 1000...
Execução 515 de 1000...
Execução 516 de 1000...
Execução 517 de 1000...
Execução 518 de 1000...
Execução 519 de 1000...
Execução 520 de 1000...
Execução 521 de 1000...
Execução 522 de 1000...
Execução 523 de 1000...
Execução 524 de 1000...
Execução 525 de 1000...
Execução 526 de 1000...
Execução 527 de 1000...
Execução 528 de 1000...
Execução 529 de 1000...
Execução 530 de 1000...
Execução 531 de 1000...
Execução 532 de 1000...
Execução 533 de 1000...
Execução 534 de 1000...
Execução 535 de 1000...
Execução 536 de 1000...
Execução 537 de 1000...
Execução 538 de 1000...
Execução 539 de 1000...
Execução 540 de 1000...
Execução 541 de 1000...
Execução 542 de 1000...
Execução 543 de 1000...
Execução 544 de 1000...
Execução 545 de 1000...
Execução 546 de 1000...
Execução 547 de 1000...
Execução 548 de 1000...
Execução 549 de 1000...
Execução 550 de 1000...
Execução 551 de 1000...
Execução 552 de 1000...
Execução 553 de 1000...
Execução 554 de 1000...
Execução 555 de 1000...
Execução 556 de 1000...
Execução 557 de 1000...
Execução 558 de 1000...
Execução 559 de 1000...
Execução 560 de 1000...
Execução 561 de 1000...
Execução 562 de 1000...
Execução 563 de 1000...
Execução 564 de 1000...
Execução 565 de 1000...
Execução 566 de 1000...
Execução 567 de 1000...
Execução 568 de 1000...
Execução 569 de 1000...
Execução 570 de 1000...
Execução 571 de 1000...
Execução 572 de 1000...
Execução 573 de 1000...
Execução 574 de 1000...
Execução 575 de 1000...
Execução 576 de 1000...
Execução 577 de 1000...
Execução 578 de 1000...
Execução 579 de 1000...
Execução 580 de 1000...
Execução 581 de 1000...
Execução 582 de 1000...
Execução 583 de 1000...
Execução 584 de 1000...
Execução 585 de 1000...
Execução 586 de 1000...
Execução 587 de 1000...
Execução 588 de 1000...
Execução 589 de 1000...
Execução 590 de 1000...
Execução 591 de 1000...
Execução 592 de 1000...
Execução 593 de 1000...
Execução 594 de 1000...
Execução 595 de 1000...
Execução 596 de 1000...
Execução 597 de 1000...
Execução 598 de 1000...
Execução 599 de 1000...
Execução 600 de 1000...
Execução 601 de 1000...
Execução 602 de 1000...
Execução 603 de 1000...
Execução 604 de 1000...
Execução 605 de 1000...
Execução 606 de 1000...
Execução 607 de 1000...
Execução 608 de 1000...
Execução 609 de 1000...
Execução 610 de 1000...
Execução 611 de 1000...
Execução 612 de 1000...
Execução 613 de 1000...
Execução 614 de 1000...
Execução 615 de 1000...
Execução 616 de 1000...
Execução 617 de 1000...
Execução 618 de 1000...
Execução 619 de 1000...
Execução 620 de 1000...
Execução 621 de 1000...
Execução 622 de 1000...
Execução 623 de 1000...
Execução 624 de 1000...
Execução 625 de 1000...
Execução 626 de 1000...
Execução 627 de 1000...
Execução 628 de 1000...
Execução 629 de 1000...
Execução 630 de 1000...
Execução 631 de 1000...
Execução 632 de 1000...
Execução 633 de 1000...
Execução 634 de 1000...
Execução 635 de 1000...
Execução 636 de 1000...
Execução 637 de 1000...
Execução 638 de 1000...
Execução 639 de 1000...
Execução 640 de 1000...
Execução 641 de 1000...
Execução 642 de 1000...
Execução 643 de 1000...
Execução 644 de 1000...
Execução 645 de 1000...
Execução 646 de 1000...
Execução 647 de 1000...
Execução 648 de 1000...
Execução 649 de 1000...
Execução 650 de 1000...
Execução 651 de 1000...
Execução 652 de 1000...
Execução 653 de 1000...
Execução 654 de 1000...
Execução 655 de 1000...
Execução 656 de 1000...
Execução 657 de 1000...
Execução 658 de 1000...
Execução 659 de 1000...
Execução 660 de 1000...
Execução 661 de 1000...
Execução 662 de 1000...
Execução 663 de 1000...
Execução 664 de 1000...
Execução 665 de 1000...
Execução 666 de 1000...
Execução 667 de 1000...
Execução 668 de 1000...
Execução 669 de 1000...
Execução 670 de 1000...
Execução 671 de 1000...
Execução 672 de 1000...
Execução 673 de 1000...
Execução 674 de 1000...
Execução 675 de 1000...
Execução 676 de 1000...
Execução 677 de 1000...
Execução 678 de 1000...
Execução 679 de 1000...
Execução 680 de 1000...
Execução 681 de 1000...
Execução 682 de 1000...
Execução 683 de 1000...
Execução 684 de 1000...
Execução 685 de 1000...
Execução 686 de 1000...
Execução 687 de 1000...
Execução 688 de 1000...
Execução 689 de 1000...
Execução 690 de 1000...
Execução 691 de 1000...
Execução 692 de 1000...
Execução 693 de 1000...
Execução 694 de 1000...
Execução 695 de 1000...
Execução 696 de 1000...
Execução 697 de 1000...
Execução 698 de 1000...
Execução 699 de 1000...
Execução 700 de 1000...
Execução 701 de 1000...
Execução 702 de 1000...
Execução 703 de 1000...
Execução 704 de 1000...
Execução 705 de 1000...
Execução 706 de 1000...
Execução 707 de 1000...
Execução 708 de 1000...
Execução 709 de 1000...
Execução 710 de 1000...
Execução 711 de 1000...
Execução 712 de 1000...
Execução 713 de 1000...
Execução 714 de 1000...
Execução 715 de 1000...
Execução 716 de 1000...
Execução 717 de 1000...
Execução 718 de 1000...
Execução 719 de 1000...
Execução 720 de 1000...
Execução 721 de 1000...
Execução 722 de 1000...
Execução 723 de 1000...
Execução 724 de 1000...
Execução 725 de 1000...
Execução 726 de 1000...
Execução 727 de 1000...
Execução 728 de 1000...
Execução 729 de 1000...
Execução 730 de 1000...
Execução 731 de 1000...
Execução 732 de 1000...
Execução 733 de 1000...
Execução 734 de 1000...
Execução 735 de 1000...
Execução 736 de 1000...
Execução 737 de 1000...
Execução 738 de 1000...
Execução 739 de 1000...
Execução 740 de 1000...
Execução 741 de 1000...
Execução 742 de 1000...
Execução 743 de 1000...
Execução 744 de 1000...
Execução 745 de 1000...
Execução 746 de 1000...
Execução 747 de 1000...
Execução 748 de 1000...
Execução 749 de 1000...
Execução 750 de 1000...
Execução 751 de 1000...
Execução 752 de 1000...
Execução 753 de 1000...
Execução 754 de 1000...
Execução 755 de 1000...
Execução 756 de 1000...
Execução 757 de 1000...
Execução 758 de 1000...
Execução 759 de 1000...
Execução 760 de 1000...
Execução 761 de 1000...
Execução 762 de 1000...
Execução 763 de 1000...
Execução 764 de 1000...
Execução 765 de 1000...
Execução 766 de 1000...
Execução 767 de 1000...
Execução 768 de 1000...
Execução 769 de 1000...
Execução 770 de 1000...
Execução 771 de 1000...
Execução 772 de 1000...
Execução 773 de 1000...
Execução 774 de 1000...
Execução 775 de 1000...
Execução 776 de 1000...
Execução 777 de 1000...
Execução 778 de 1000...
Execução 779 de 1000...
Execução 780 de 1000...
Execução 781 de 1000...
Execução 782 de 1000...
Execução 783 de 1000...
Execução 784 de 1000...
Execução 785 de 1000...
Execução 786 de 1000...
Execução 787 de 1000...
Execução 788 de 1000...
Execução 789 de 1000...
Execução 790 de 1000...
Execução 791 de 1000...
Execução 792 de 1000...
Execução 793 de 1000...
Execução 794 de 1000...
Execução 795 de 1000...
Execução 796 de 1000...
Execução 797 de 1000...
Execução 798 de 1000...
Execução 799 de 1000...
Execução 800 de 1000...
Execução 801 de 1000...
Execução 802 de 1000...
Execução 803 de 1000...
Execução 804 de 1000...
Execução 805 de 1000...
Execução 806 de 1000...
Execução 807 de 1000...
Execução 808 de 1000...
Execução 809 de 1000...
Execução 810 de 1000...
Execução 811 de 1000...
Execução 812 de 1000...
Execução 813 de 1000...
Execução 814 de 1000...
Execução 815 de 1000...
Execução 816 de 1000...
Execução 817 de 1000...
Execução 818 de 1000...
Execução 819 de 1000...
Execução 820 de 1000...
Execução 821 de 1000...
Execução 822 de 1000...
Execução 823 de 1000...
Execução 824 de 1000...
Execução 825 de 1000...
Execução 826 de 1000...
Execução 827 de 1000...
Execução 828 de 1000...
Execução 829 de 1000...
Execução 830 de 1000...
Execução 831 de 1000...
Execução 832 de 1000...
Execução 833 de 1000...
Execução 834 de 1000...
Execução 835 de 1000...
Execução 836 de 1000...
Execução 837 de 1000...
Execução 838 de 1000...
Execução 839 de 1000...
Execução 840 de 1000...
Execução 841 de 1000...
Execução 842 de 1000...
Execução 843 de 1000...
Execução 844 de 1000...
Execução 845 de 1000...
Execução 846 de 1000...
Execução 847 de 1000...
Execução 848 de 1000...
Execução 849 de 1000...
Execução 850 de 1000...
Execução 851 de 1000...
Execução 852 de 1000...
Execução 853 de 1000...
Execução 854 de 1000...
Execução 855 de 1000...
Execução 856 de 1000...
Execução 857 de 1000...
Execução 858 de 1000...
Execução 859 de 1000...
Execução 860 de 1000...
Execução 861 de 1000...
Execução 862 de 1000...
Execução 863 de 1000...
Execução 864 de 1000...
Execução 865 de 1000...
Execução 866 de 1000...
Execução 867 de 1000...
Execução 868 de 1000...
Execução 869 de 1000...
Execução 870 de 1000...
Execução 871 de 1000...
Execução 872 de 1000...
Execução 873 de 1000...
Execução 874 de 1000...
Execução 875 de 1000...
Execução 876 de 1000...
Execução 877 de 1000...
Execução 878 de 1000...
Execução 879 de 1000...
Execução 880 de 1000...
Execução 881 de 1000...
Execução 882 de 1000...
Execução 883 de 1000...
Execução 884 de 1000...
Execução 885 de 1000...
Execução 886 de 1000...
Execução 887 de 1000...
Execução 888 de 1000...
Execução 889 de 1000...
Execução 890 de 1000...
Execução 891 de 1000...
Execução 892 de 1000...
Execução 893 de 1000...
Execução 894 de 1000...
Execução 895 de 1000...
Execução 896 de 1000...
Execução 897 de 1000...
Execução 898 de 1000...
Execução 899 de 1000...
Execução 900 de 1000...
Execução 901 de 1000...
Execução 902 de 1000...
Execução 903 de 1000...
Execução 904 de 1000...
Execução 905 de 1000...
Execução 906 de 1000...
Execução 907 de 1000...
Execução 908 de 1000...
Execução 909 de 1000...
Execução 910 de 1000...
Execução 911 de 1000...
Execução 912 de 1000...
Execução 913 de 1000...
Execução 914 de 1000...
Execução 915 de 1000...
Execução 916 de 1000...
Execução 917 de 1000...
Execução 918 de 1000...
Execução 919 de 1000...
Execução 920 de 1000...
Execução 921 de 1000...
Execução 922 de 1000...
Execução 923 de 1000...
Execução 924 de 1000...
Execução 925 de 1000...
Execução 926 de 1000...
Execução 927 de 1000...
Execução 928 de 1000...
Execução 929 de 1000...
Execução 930 de 1000...
Execução 931 de 1000...
Execução 932 de 1000...
Execução 933 de 1000...
Execução 934 de 1000...
Execução 935 de 1000...
Execução 936 de 1000...
Execução 937 de 1000...
Execução 938 de 1000...
Execução 939 de 1000...
Execução 940 de 1000...
Execução 941 de 1000...
Execução 942 de 1000...
Execução 943 de 1000...
Execução 944 de 1000...
Execução 945 de 1000...
Execução 946 de 1000...
Execução 947 de 1000...
Execução 948 de 1000...
Execução 949 de 1000...
Execução 950 de 1000...
Execução 951 de 1000...
Execução 952 de 1000...
Execução 953 de 1000...
Execução 954 de 1000...
Execução 955 de 1000...
Execução 956 de 1000...
Execução 957 de 1000...
Execução 958 de 1000...
Execução 959 de 1000...
Execução 960 de 1000...
Execução 961 de 1000...
Execução 962 de 1000...
Execução 963 de 1000...
Execução 964 de 1000...
Execução 965 de 1000...
Execução 966 de 1000...
Execução 967 de 1000...
Execução 968 de 1000...
Execução 969 de 1000...
Execução 970 de 1000...
Execução 971 de 1000...
Execução 972 de 1000...
Execução 973 de 1000...
Execução 974 de 1000...
Execução 975 de 1000...
Execução 976 de 1000...
Execução 977 de 1000...
Execução 978 de 1000...
Execução 979 de 1000...
Execução 980 de 1000...
Execução 981 de 1000...
Execução 982 de 1000...
Execução 983 de 1000...
Execução 984 de 1000...
Execução 985 de 1000...
Execução 986 de 1000...
Execução 987 de 1000...
Execução 988 de 1000...
Execução 989 de 1000...
Execução 990 de 1000...
Execução 991 de 1000...
Execução 992 de 1000...
Execução 993 de 1000...
Execução 994 de 1000...
Execução 995 de 1000...
Execução 996 de 1000...
Execução 997 de 1000...
Execução 998 de 1000...
Execução 999 de 1000...
Execução 1000 de 1000...
Calculando médias...
Média salva: media_30000k.csv
Testes finalizados
